<?xml version="1.0" encoding="UTF-8"?>
<testng-results ignored="0" total="2" passed="2" failed="0" skipped="0">
  <reporter-output>
  </reporter-output>
  <suite started-at="2023-07-02T12:12:13 IST" name="Default suite" finished-at="2023-07-02T12:12:13 IST" duration-ms="57">
    <groups>
    </groups>
    <test started-at="2023-07-02T12:12:13 IST" name="Default test" finished-at="2023-07-02T12:12:13 IST" duration-ms="57">
      <class name="TestNGB24.TestNGCompleteRun">
        <test-method is-config="true" signature="myBeforeSuite()[pri:0, instance:TestNGB24.TestNGCompleteRun@5d534f5d]" started-at="2023-07-02T12:12:13 IST" name="myBeforeSuite" finished-at="2023-07-02T12:12:13 IST" duration-ms="7" status="PASS">
          <reporter-output>
          </reporter-output>
        </test-method> <!-- myBeforeSuite -->
        <test-method is-config="true" signature="myBeforeTest()[pri:0, instance:TestNGB24.TestNGCompleteRun@5d534f5d]" started-at="2023-07-02T12:12:13 IST" name="myBeforeTest" finished-at="2023-07-02T12:12:13 IST" duration-ms="1" status="PASS">
          <reporter-output>
          </reporter-output>
        </test-method> <!-- myBeforeTest -->
        <test-method is-config="true" signature="myBeforeClass()[pri:0, instance:TestNGB24.TestNGCompleteRun@5d534f5d]" started-at="2023-07-02T12:12:13 IST" name="myBeforeClass" finished-at="2023-07-02T12:12:13 IST" duration-ms="0" status="PASS">
          <reporter-output>
          </reporter-output>
        </test-method> <!-- myBeforeClass -->
        <test-method is-config="true" signature="startBrowser()[pri:0, instance:TestNGB24.TestNGCompleteRun@5d534f5d]" started-at="2023-07-02T12:12:13 IST" name="startBrowser" finished-at="2023-07-02T12:12:13 IST" duration-ms="0" status="PASS">
          <reporter-output>
          </reporter-output>
        </test-method> <!-- startBrowser -->
        <test-method signature="test1()[pri:0, instance:TestNGB24.TestNGCompleteRun@5d534f5d]" started-at="2023-07-02T12:12:13 IST" name="test1" finished-at="2023-07-02T12:12:13 IST" duration-ms="6" status="PASS">
          <reporter-output>
          </reporter-output>
        </test-method> <!-- test1 -->
        <test-method is-config="true" signature="closeBrowser()[pri:0, instance:TestNGB24.TestNGCompleteRun@5d534f5d]" started-at="2023-07-02T12:12:13 IST" name="closeBrowser" finished-at="2023-07-02T12:12:13 IST" duration-ms="0" status="PASS">
          <reporter-output>
          </reporter-output>
        </test-method> <!-- closeBrowser -->
        <test-method is-config="true" signature="startBrowser()[pri:0, instance:TestNGB24.TestNGCompleteRun@5d534f5d]" started-at="2023-07-02T12:12:13 IST" name="startBrowser" finished-at="2023-07-02T12:12:13 IST" duration-ms="1" status="PASS">
          <reporter-output>
          </reporter-output>
        </test-method> <!-- startBrowser -->
        <test-method signature="test2()[pri:0, instance:TestNGB24.TestNGCompleteRun@5d534f5d]" started-at="2023-07-02T12:12:13 IST" name="test2" finished-at="2023-07-02T12:12:13 IST" duration-ms="2" status="PASS">
          <reporter-output>
          </reporter-output>
        </test-method> <!-- test2 -->
        <test-method is-config="true" signature="closeBrowser()[pri:0, instance:TestNGB24.TestNGCompleteRun@5d534f5d]" started-at="2023-07-02T12:12:13 IST" name="closeBrowser" finished-at="2023-07-02T12:12:13 IST" duration-ms="3" status="PASS">
          <reporter-output>
          </reporter-output>
        </test-method> <!-- closeBrowser -->
        <test-method is-config="true" signature="myAfterClass()[pri:0, instance:TestNGB24.TestNGCompleteRun@5d534f5d]" started-at="2023-07-02T12:12:13 IST" name="myAfterClass" finished-at="2023-07-02T12:12:13 IST" duration-ms="0" status="PASS">
          <reporter-output>
          </reporter-output>
        </test-method> <!-- myAfterClass -->
        <test-method is-config="true" signature="myAfterTest()[pri:0, instance:TestNGB24.TestNGCompleteRun@5d534f5d]" started-at="2023-07-02T12:12:13 IST" name="myAfterTest" finished-at="2023-07-02T12:12:13 IST" duration-ms="1" status="PASS">
          <reporter-output>
          </reporter-output>
        </test-method> <!-- myAfterTest -->
        <test-method is-config="true" signature="myAfterSuite()[pri:0, instance:TestNGB24.TestNGCompleteRun@5d534f5d]" started-at="2023-07-02T12:12:13 IST" name="myAfterSuite" finished-at="2023-07-02T12:12:13 IST" duration-ms="1" status="PASS">
          <reporter-output>
          </reporter-output>
        </test-method> <!-- myAfterSuite -->
      </class> <!-- TestNGB24.TestNGCompleteRun -->
    </test> <!-- Default test -->
  </suite> <!-- Default suite -->
</testng-results>
