<?xml version="1.0" encoding="UTF-8"?>
<!-- Generated by org.testng.reporters.JUnitXMLReporter -->
<testsuite ignored="0" hostname="LAPTOP-BP4C449G" failures="1" tests="10" name="TestforParallel" time="50.203" errors="0" timestamp="2023-07-02T11:47:54 IST">
  <testcase classname="TestNGB24.ParallelClassA" name="myTest1" time="10.026">
    <failure type="java.lang.AssertionError">
      <![CDATA[java.lang.AssertionError: 
at TestNGB24.ParallelClassA.myTest1(ParallelClassA.java:14)
at java.base/java.util.concurrent.ThreadPoolExecutor.runWorker(ThreadPoolExecutor.java:1136)
at java.base/java.util.concurrent.ThreadPoolExecutor$Worker.run(ThreadPoolExecutor.java:635)
at java.base/java.lang.Thread.run(Thread.java:833)
... Removed 15 stack frames]]>
    </failure>
  </testcase> <!-- myTest1 -->
  <testcase classname="TestNGB24.ParallelClassB" name="myTest1" time="10.025"/>
  <testcase classname="TestNGB24.ParallelClassA" name="myTest2" time="10.013"/>
  <testcase classname="TestNGB24.ParallelClassB" name="myTest2" time="10.012"/>
  <testcase classname="TestNGB24.ParallelClassA" name="myTest22" time="10.007"/>
  <testcase classname="TestNGB24.ParallelClassB" name="myTest3" time="10.008"/>
  <testcase classname="basic.CapitalWithShift" name="testcase1" time="7.34"/>
  <testcase classname="TestNGB24.ParallelClassB" name="myTest4" time="10.025"/>
  <testcase classname="basic.TestMaxValue" name="TestCase1" time="9.953"/>
  <testcase classname="basic.MyDragAndDrop" name="testcase1" time="10.071"/>
</testsuite> <!-- TestforParallel -->
